@!@!@STARTMSG 2262:0 @!@!@
TLC2 Version 2.19 of 08 August 2024 (rev: 5a47802)
@!@!@ENDMSG 2262 @!@!@
@!@!@STARTMSG 2187:0 @!@!@
Running breadth-first search Model-Checking with fp 47 and seed 488934558007224974 with 6 workers on 12 cores with 1177MB heap and 2644MB offheap memory [pid: 8857] (Linux 6.8.0-45-generic amd64, AdoptOpenJDK 14.0.1 x86_64, OffHeapDiskFPSet, DiskStateQueue).
@!@!@ENDMSG 2187 @!@!@
@!@!@STARTMSG 2220:0 @!@!@
Starting SANY...
@!@!@ENDMSG 2220 @!@!@
Parsing file /home/athan/Documents/Github/TLA_Plus/DieHard.toolbox/Model_1/MC.tla
Parsing file /home/athan/Documents/Github/TLA_Plus/DieHard.toolbox/Model_1/DieHard.tla
Parsing file /home/athan/Documents/toolbox/plugins/org.lamport.tlatools_1.0.0.202408081326/tla2sany/StandardModules/TLC.tla
Parsing file /home/athan/Documents/toolbox/plugins/org.lamport.tlatools_1.0.0.202408081326/tla2sany/StandardModules/Integers.tla
Parsing file /home/athan/Documents/toolbox/plugins/org.lamport.tlatools_1.0.0.202408081326/tla2sany/StandardModules/Naturals.tla
Parsing file /home/athan/Documents/toolbox/plugins/org.lamport.tlatools_1.0.0.202408081326/tla2sany/StandardModules/Sequences.tla
Parsing file /home/athan/Documents/toolbox/plugins/org.lamport.tlatools_1.0.0.202408081326/tla2sany/StandardModules/FiniteSets.tla
Semantic processing of module Naturals
Semantic processing of module Integers
Semantic processing of module DieHard
Semantic processing of module Sequences
Semantic processing of module FiniteSets
Semantic processing of module TLC
Semantic processing of module MC
@!@!@STARTMSG 2219:0 @!@!@
SANY finished.
@!@!@ENDMSG 2219 @!@!@
@!@!@STARTMSG 2185:0 @!@!@
Starting... (2024-09-27 18:25:13)
@!@!@ENDMSG 2185 @!@!@
@!@!@STARTMSG 2189:0 @!@!@
Computing initial states...
@!@!@ENDMSG 2189 @!@!@
@!@!@STARTMSG 2190:0 @!@!@
Finished computing initial states: 1 distinct state generated at 2024-09-27 18:25:14.
@!@!@ENDMSG 2190 @!@!@
@!@!@STARTMSG 1000:1 @!@!@
TLC threw an unexpected exception.
This was probably caused by an error in the spec or model.
See the User Output or TLC Console for clues to what happened.
The exception was a java.lang.RuntimeException
: @!@!@STARTMSG 2154:0 @!@!@
Attempted to apply the operator overridden by the Java method
public static tlc2.value.impl.IntValue tlc2.module.Integers.Minus(tlc2.value.impl.IntValue,tlc2.value.impl.IntValue),
but it produced the following error:
Cannot cast tlc2.value.impl.StringValue to tlc2.value.impl.IntValue
@!@!@ENDMSG 2154 @!@!@
@!@!@ENDMSG 1000 @!@!@
@!@!@STARTMSG 2121:1 @!@!@
The behavior up to this point is:
@!@!@ENDMSG 2121 @!@!@
@!@!@STARTMSG 2217:4 @!@!@
1: <Initial predicate>
/\ big = 0
/\ small = 0

@!@!@ENDMSG 2217 @!@!@
@!@!@STARTMSG 2217:4 @!@!@
2: <FillSmall line 12, col 14 to line 13, col 28 of module DieHard>
/\ big = 0
/\ small = 3

@!@!@ENDMSG 2217 @!@!@
@!@!@STARTMSG 2217:4 @!@!@
3: <FillBig line 15, col 12 to line 16, col 28 of module DieHard>
/\ big = 5
/\ small = 3

@!@!@ENDMSG 2217 @!@!@
@!@!@STARTMSG 2103:1 @!@!@
The error occurred when TLC was evaluating the nested
expressions at the following positions:
0. Line 24, column 15 to line 28, column 51 in DieHard
1. Line 27, column 21 to line 28, column 51 in DieHard
2. Line 27, column 24 to line 27, column 33 in DieHard
3. Line 28, column 24 to line 28, column 51 in DieHard
4. Line 28, column 33 to line 28, column 51 in DieHard
5. Line 28, column 42 to line 28, column 50 in DieHard


@!@!@ENDMSG 2103 @!@!@
@!@!@STARTMSG 2201:0 @!@!@
The coverage statistics at 2024-09-27 18:25:14
@!@!@ENDMSG 2201 @!@!@
@!@!@STARTMSG 2773:0 @!@!@
<Init line 9, col 1 to line 9, col 4 of module DieHard>: 2:2
@!@!@ENDMSG 2773 @!@!@
@!@!@STARTMSG 2221:0 @!@!@
  line 9, col 9 to line 10, col 20 of module DieHard: 2
@!@!@ENDMSG 2221 @!@!@
@!@!@STARTMSG 2772:0 @!@!@
<FillSmall line 12, col 1 to line 12, col 9 of module DieHard>: 2:13
@!@!@ENDMSG 2772 @!@!@
@!@!@STARTMSG 2221:0 @!@!@
  line 12, col 14 to line 13, col 28 of module DieHard: 13
@!@!@ENDMSG 2221 @!@!@
@!@!@STARTMSG 2772:0 @!@!@
<FillBig line 15, col 1 to line 15, col 7 of module DieHard>: 3:12
@!@!@ENDMSG 2772 @!@!@
@!@!@STARTMSG 2221:0 @!@!@
  line 15, col 12 to line 16, col 28 of module DieHard: 12
@!@!@ENDMSG 2221 @!@!@
@!@!@STARTMSG 2772:0 @!@!@
<EmptySmall line 18, col 1 to line 18, col 10 of module DieHard>: 1:11
@!@!@ENDMSG 2772 @!@!@
@!@!@STARTMSG 2221:0 @!@!@
  line 18, col 15 to line 19, col 29 of module DieHard: 11
@!@!@ENDMSG 2221 @!@!@
@!@!@STARTMSG 2772:0 @!@!@
<EmptyBig line 21, col 1 to line 21, col 8 of module DieHard>: 0:11
@!@!@ENDMSG 2772 @!@!@
@!@!@STARTMSG 2221:0 @!@!@
  line 21, col 13 to line 22, col 29 of module DieHard: 11
@!@!@ENDMSG 2221 @!@!@
@!@!@STARTMSG 2772:0 @!@!@
<SmallToBig line 24, col 1 to line 24, col 10 of module DieHard>: 1:7
@!@!@ENDMSG 2772 @!@!@
@!@!@STARTMSG 2221:0 @!@!@
  line 24, col 18 to line 24, col 33 of module DieHard: 11
@!@!@ENDMSG 2221 @!@!@
@!@!@STARTMSG 2221:0 @!@!@
  line 25, col 21 to line 26, col 33 of module DieHard: 7
@!@!@ENDMSG 2221 @!@!@
@!@!@STARTMSG 2221:0 @!@!@
  line 27, col 24 to line 27, col 33 of module DieHard: 0
@!@!@ENDMSG 2221 @!@!@
@!@!@STARTMSG 2221:0 @!@!@
  line 28, col 24 to line 28, col 51 of module DieHard: 0
@!@!@ENDMSG 2221 @!@!@
@!@!@STARTMSG 2221:0 @!@!@
  |line 28, col 33 to line 28, col 51 of module DieHard: 4
@!@!@ENDMSG 2221 @!@!@
@!@!@STARTMSG 2772:0 @!@!@
<BigToSmall line 30, col 1 to line 30, col 10 of module DieHard>: 2:7
@!@!@ENDMSG 2772 @!@!@
@!@!@STARTMSG 2221:0 @!@!@
  line 30, col 18 to line 30, col 33 of module DieHard: 7
@!@!@ENDMSG 2221 @!@!@
@!@!@STARTMSG 2221:0 @!@!@
  line 31, col 21 to line 32, col 43 of module DieHard: 5
@!@!@ENDMSG 2221 @!@!@
@!@!@STARTMSG 2221:0 @!@!@
  line 33, col 21 to line 34, col 33 of module DieHard: 2
@!@!@ENDMSG 2221 @!@!@
@!@!@STARTMSG 2774:0 @!@!@
<TypeOK line 6, col 1 to line 6, col 6 of module DieHard>
@!@!@ENDMSG 2774 @!@!@
@!@!@STARTMSG 2221:0 @!@!@
  line 6, col 11 to line 7, col 27 of module DieHard: 10
@!@!@ENDMSG 2221 @!@!@
@!@!@STARTMSG 2774:0 @!@!@
<inv_17274759132389000 line 5, col 1 to line 5, col 21 of module MC>
@!@!@ENDMSG 2774 @!@!@
@!@!@STARTMSG 2221:0 @!@!@
  line 6, col 1 to line 6, col 8 of module MC: 10
@!@!@ENDMSG 2221 @!@!@
@!@!@STARTMSG 2202:0 @!@!@
End of statistics.
@!@!@ENDMSG 2202 @!@!@
@!@!@STARTMSG 2200:0 @!@!@
Progress(6) at 2024-09-27 18:25:14: 55 states generated (3,810 s/min), 10 distinct states found (692 ds/min), 0 states left on queue.
@!@!@ENDMSG 2200 @!@!@
@!@!@STARTMSG 2199:0 @!@!@
55 states generated, 10 distinct states found, 0 states left on queue.
@!@!@ENDMSG 2199 @!@!@
@!@!@STARTMSG 2186:0 @!@!@
Finished in 872ms at (2024-09-27 18:25:14)
@!@!@ENDMSG 2186 @!@!@
